<?xml version="1.0" encoding="UTF-8"?>
<testsuite xmlns:xsi="http://www.w3.org/2001/XMLSchema-instance" xsi:schemaLocation="https://maven.apache.org/surefire/maven-surefire-plugin/xsd/surefire-test-report.xsd" name="br.com.renner.runner.RunnerTest" time="0.076" tests="1" errors="1" skipped="0" failures="0">
  <properties>
[...]
</properties>
  <testcase name="initializationError" classname="br.com.renner.runner.RunnerTest" time="0.003">
    <error message="path must exist: D:\Documentos HD\ProjetosRenner\desafioRennerFront-main\src\test\resources\features" type="java.lang.IllegalArgumentException">java.lang.IllegalArgumentException: path must exist: D:\Documentos HD\ProjetosRenner\desafioRennerFront-main\src\test\resources\features
</error>
  </testcase>
</testsuite>